2023-02-22 21:12:53 INFO [com.example.iYu.YinMusicApplication]: Starting YinMusicApplication using Java 1.8.0_172 on iYu with PID 22744 (G:\IDEAProject\music-website\music-server\target\classes started by chengyu in G:\IDEAProject\music-website)
2023-02-22 21:12:53 INFO [com.example.iYu.YinMusicApplication]: The following profiles are active: dev
2023-02-22 21:12:54 INFO [org.springframework.boot.devtools.env.DevToolsPropertyDefaultsPostProcessor]: Devtools property defaults active! Set 'spring.devtools.add-properties' to 'false' to disable
2023-02-22 21:12:54 INFO [org.springframework.boot.devtools.env.DevToolsPropertyDefaultsPostProcessor]: For additional web related logging consider setting the 'logging.level.web' property to 'DEBUG'
2023-02-22 21:12:55 INFO [org.springframework.data.repository.config.RepositoryConfigurationDelegate]: Multiple Spring Data modules found, entering strict repository configuration mode!
2023-02-22 21:12:55 INFO [org.springframework.data.repository.config.RepositoryConfigurationDelegate]: Bootstrapping Spring Data Redis repositories in DEFAULT mode.
2023-02-22 21:12:55 INFO [org.springframework.data.repository.config.RepositoryConfigurationDelegate]: Finished Spring Data repository scanning in 18 ms. Found 0 Redis repository interfaces.
2023-02-22 21:12:58 INFO [org.springframework.boot.web.embedded.tomcat.TomcatWebServer]: Tomcat initialized with port(s): 8888 (http)
2023-02-22 21:12:58 INFO [org.springframework.boot.web.servlet.context.ServletWebServerApplicationContext]: Root WebApplicationContext: initialization completed in 4569 ms
2023-02-22 21:12:59 INFO [org.springframework.boot.devtools.autoconfigure.OptionalLiveReloadServer]: LiveReload server is running on port 35729
2023-02-22 21:12:59 INFO [org.springframework.boot.web.embedded.tomcat.TomcatWebServer]: Tomcat started on port(s): 8888 (http) with context path ''
2023-02-22 21:12:59 INFO [com.example.iYu.YinMusicApplication]: Started YinMusicApplication in 6.519 seconds (JVM running for 8.497)
2023-02-22 23:58:55 INFO [com.example.iYu.YinMusicApplication]: Starting YinMusicApplication using Java 1.8.0_172 on iYu with PID 6780 (G:\IDEAProject\music-website\music-server\target\classes started by chengyu in G:\IDEAProject\music-website)
2023-02-22 23:58:56 INFO [com.example.iYu.YinMusicApplication]: The following profiles are active: dev
2023-02-22 23:58:56 INFO [org.springframework.boot.devtools.env.DevToolsPropertyDefaultsPostProcessor]: Devtools property defaults active! Set 'spring.devtools.add-properties' to 'false' to disable
2023-02-22 23:58:56 INFO [org.springframework.boot.devtools.env.DevToolsPropertyDefaultsPostProcessor]: For additional web related logging consider setting the 'logging.level.web' property to 'DEBUG'
2023-02-22 23:58:57 INFO [org.springframework.data.repository.config.RepositoryConfigurationDelegate]: Multiple Spring Data modules found, entering strict repository configuration mode!
2023-02-22 23:58:57 INFO [org.springframework.data.repository.config.RepositoryConfigurationDelegate]: Bootstrapping Spring Data Redis repositories in DEFAULT mode.
2023-02-22 23:58:57 INFO [org.springframework.data.repository.config.RepositoryConfigurationDelegate]: Finished Spring Data repository scanning in 15 ms. Found 0 Redis repository interfaces.
2023-02-22 23:59:00 INFO [org.springframework.boot.web.embedded.tomcat.TomcatWebServer]: Tomcat initialized with port(s): 8888 (http)
2023-02-22 23:59:00 INFO [org.springframework.boot.web.servlet.context.ServletWebServerApplicationContext]: Root WebApplicationContext: initialization completed in 4647 ms
2023-02-22 23:59:02 INFO [org.springframework.boot.devtools.autoconfigure.OptionalLiveReloadServer]: LiveReload server is running on port 35729
2023-02-22 23:59:02 INFO [org.springframework.boot.web.embedded.tomcat.TomcatWebServer]: Tomcat started on port(s): 8888 (http) with context path ''
2023-02-22 23:59:02 INFO [com.example.iYu.YinMusicApplication]: Started YinMusicApplication in 6.773 seconds (JVM running for 9.04)
2023-02-22 23:59:09 INFO [org.springframework.web.servlet.DispatcherServlet]: Initializing Servlet 'dispatcherServlet'
2023-02-22 23:59:09 INFO [org.springframework.web.servlet.DispatcherServlet]: Completed initialization in 1 ms
2023-02-22 23:59:09 INFO [com.zaxxer.hikari.HikariDataSource]: HikariPool-1 - Starting...
2023-02-22 23:59:10 INFO [com.zaxxer.hikari.HikariDataSource]: HikariPool-1 - Start completed.
